#
# There is insufficient memory for the Java Runtime Environment to continue.
# Native memory allocation (malloc) failed to allocate 32784 bytes. Error detail: Chunk::new
# Possible reasons:
#   The system is out of physical RAM or swap space
#   This process is running with CompressedOops enabled, and the Java Heap may be blocking the growth of the native heap
# Possible solutions:
#   Reduce memory load on the system
#   Increase physical memory or swap space
#   Check if swap backing store is full
#   Decrease Java heap size (-Xmx/-Xms)
#   Decrease number of Java threads
#   Decrease Java thread stack sizes (-Xss)
#   Set larger code cache with -XX:ReservedCodeCacheSize=
#   JVM is running with Unscaled Compressed Oops mode in which the Java heap is
#     placed in the first 4GB address space. The Java Heap base address is the
#     maximum limit for the native heap growth. Please use -XX:HeapBaseMinAddress
#     to set the Java Heap base and to place the Java Heap above 4GB virtual address.
# This output file may be truncated or incomplete.
#
#  Out of Memory Error (arena.cpp:168), pid=17084, tid=10608
#
# JRE version: OpenJDK Runtime Environment Temurin-21.0.8+9 (21.0.8+9) (build 21.0.8+9-LTS)
# Java VM: OpenJDK 64-Bit Server VM Temurin-21.0.8+9 (21.0.8+9-LTS, mixed mode, sharing, tiered, compressed oops, compressed class ptrs, parallel gc, windows-amd64)
# No core dump will be written. Minidumps are not enabled by default on client versions of Windows
#

---------------  S U M M A R Y ------------

Command Line: --add-modules=ALL-SYSTEM --add-opens=java.base/java.util=ALL-UNNAMED --add-opens=java.base/java.lang=ALL-UNNAMED --add-opens=java.base/sun.nio.fs=ALL-UNNAMED -Declipse.application=org.eclipse.jdt.ls.core.id1 -Dosgi.bundles.defaultStartLevel=4 -Declipse.product=org.eclipse.jdt.ls.core.product -Djava.import.generatesMetadataFilesAtProjectRoot=false -DDetectVMInstallationsJob.disabled=true -Dfile.encoding=utf8 -XX:+UseParallelGC -XX:GCTimeRatio=4 -XX:AdaptiveSizePolicyWeight=90 -Dsun.zip.disableMemoryMapping=true -Xmx2G -Xms100m -Xlog:disable -javaagent:c:\Users\HP\.vscode\extensions\redhat.java-1.45.0-win32-x64\lombok\lombok-1.18.39-4050.jar -XX:+HeapDumpOnOutOfMemoryError -XX:HeapDumpPath=c:\Users\HP\AppData\Roaming\Code\User\workspaceStorage\d1a1df9d19ba30f8d153c1ad269f8aa0\redhat.java -Daether.dependencyCollector.impl=bf c:\Users\HP\.vscode\extensions\redhat.java-1.45.0-win32-x64\server\plugins\org.eclipse.equinox.launcher_1.7.0.v20250519-0528.jar -configuration c:\Users\HP\AppData\Roaming\Code\User\globalStorage\redhat.java\1.45.0\config_win -data c:\Users\HP\AppData\Roaming\Code\User\workspaceStorage\d1a1df9d19ba30f8d153c1ad269f8aa0\redhat.java\jdt_ws --pipe=\\.\pipe\lsp-bbdf5f50d91478f1b3521c08947640b0-sock

Host: AMD Athlon Silver 7120U with Radeon Graphics   , 2 cores, 7G,  Windows 11 , 64 bit Build 22621 (10.0.22621.5415)
Time: Sat Sep  6 12:17:41 2025 E. Africa Standard Time elapsed time: 118.268407 seconds (0d 0h 1m 58s)

---------------  T H R E A D  ---------------

Current thread (0x0000028479881380):  JavaThread "C2 CompilerThread0" daemon [_thread_in_native, id=10608, stack(0x000000b746400000,0x000000b746500000) (1024K)]


Current CompileTask:
C2:118268 3681       4       java.util.Properties::loadConvert (540 bytes)

Stack: [0x000000b746400000,0x000000b746500000]
Native frames: (J=compiled Java code, j=interpreted, Vv=VM code, C=native code)
V  [jvm.dll+0x6d2449]
V  [jvm.dll+0x8ae341]
V  [jvm.dll+0x8b08be]
V  [jvm.dll+0x8b0fa3]
V  [jvm.dll+0x280c96]
V  [jvm.dll+0xc581d]
V  [jvm.dll+0xc5d53]
V  [jvm.dll+0xc5945]
V  [jvm.dll+0x6ad73c]
V  [jvm.dll+0x60ce89]
V  [jvm.dll+0x608843]
V  [jvm.dll+0x5efa70]
V  [jvm.dll+0x5f3d3a]
V  [jvm.dll+0x5f347d]
V  [jvm.dll+0x5f3360]
V  [jvm.dll+0x5f34e0]
V  [jvm.dll+0x5fa7e4]
V  [jvm.dll+0x252092]
V  [jvm.dll+0x25244f]
V  [jvm.dll+0x24ad14]
V  [jvm.dll+0x2483a4]
V  [jvm.dll+0x1c89ee]
V  [jvm.dll+0x257d4d]
V  [jvm.dll+0x2562ea]
V  [jvm.dll+0x3f2d16]
V  [jvm.dll+0x857e6b]
V  [jvm.dll+0x6d0b0d]
C  [ucrtbase.dll+0x29333]
C  [KERNEL32.DLL+0x1259d]
C  [ntdll.dll+0x5af78]


---------------  P R O C E S S  ---------------

Threads class SMR info:
_java_thread_list=0x000002847f467e20, length=19, elements={
0x0000028471edb280, 0x0000028479875f10, 0x0000028479878bb0, 0x000002847987aac0,
0x000002847987b9d0, 0x000002847987c8e0, 0x000002847987e540, 0x0000028479881380,
0x00000284798f1ac0, 0x000002847996ed20, 0x000002847e227950, 0x000002847e96c540,
0x000002847e4f5210, 0x000002847e4f5870, 0x000002847e47bc70, 0x000002847e9b1de0,
0x000002847e073350, 0x000002847e9abf70, 0x000002847ea767c0
}

Java Threads: ( => current thread )
  0x0000028471edb280 JavaThread "main"                              [_thread_blocked, id=3756, stack(0x000000b745a00000,0x000000b745b00000) (1024K)]
  0x0000028479875f10 JavaThread "Reference Handler"          daemon [_thread_blocked, id=13412, stack(0x000000b745e00000,0x000000b745f00000) (1024K)]
  0x0000028479878bb0 JavaThread "Finalizer"                  daemon [_thread_blocked, id=6840, stack(0x000000b745f00000,0x000000b746000000) (1024K)]
  0x000002847987aac0 JavaThread "Signal Dispatcher"          daemon [_thread_blocked, id=16452, stack(0x000000b746000000,0x000000b746100000) (1024K)]
  0x000002847987b9d0 JavaThread "Attach Listener"            daemon [_thread_blocked, id=13896, stack(0x000000b746100000,0x000000b746200000) (1024K)]
  0x000002847987c8e0 JavaThread "Service Thread"             daemon [_thread_blocked, id=16024, stack(0x000000b746200000,0x000000b746300000) (1024K)]
  0x000002847987e540 JavaThread "Monitor Deflation Thread"   daemon [_thread_blocked, id=7048, stack(0x000000b746300000,0x000000b746400000) (1024K)]
=>0x0000028479881380 JavaThread "C2 CompilerThread0"         daemon [_thread_in_native, id=10608, stack(0x000000b746400000,0x000000b746500000) (1024K)]
  0x00000284798f1ac0 JavaThread "C1 CompilerThread0"         daemon [_thread_in_native, id=11532, stack(0x000000b746500000,0x000000b746600000) (1024K)]
  0x000002847996ed20 JavaThread "Common-Cleaner"             daemon [_thread_blocked, id=3852, stack(0x000000b746600000,0x000000b746700000) (1024K)]
  0x000002847e227950 JavaThread "Notification Thread"        daemon [_thread_blocked, id=9744, stack(0x000000b746700000,0x000000b746800000) (1024K)]
  0x000002847e96c540 JavaThread "Active Thread: Equinox Container: fa0c72df-1336-4a63-a0eb-25592ee4a5b1"        [_thread_blocked, id=9544, stack(0x000000b746b00000,0x000000b746c00000) (1024K)]
  0x000002847e4f5210 JavaThread "Framework Event Dispatcher: Equinox Container: fa0c72df-1336-4a63-a0eb-25592ee4a5b1" daemon [_thread_blocked, id=12908, stack(0x000000b746900000,0x000000b746a00000) (1024K)]
  0x000002847e4f5870 JavaThread "Start Level: Equinox Container: fa0c72df-1336-4a63-a0eb-25592ee4a5b1" daemon [_thread_in_Java, id=4368, stack(0x000000b746a00000,0x000000b746b00000) (1024K)]
  0x000002847e47bc70 JavaThread "Refresh Thread: Equinox Container: fa0c72df-1336-4a63-a0eb-25592ee4a5b1" daemon [_thread_blocked, id=13276, stack(0x000000b746c00000,0x000000b746d00000) (1024K)]
  0x000002847e9b1de0 JavaThread "Bundle File Closer"         daemon [_thread_blocked, id=2824, stack(0x000000b746f00000,0x000000b747000000) (1024K)]
  0x000002847e073350 JavaThread "SCR Component Actor"        daemon [_thread_blocked, id=17044, stack(0x000000b745800000,0x000000b745900000) (1024K)]
  0x000002847e9abf70 JavaThread "SCR Component Registry"     daemon [_thread_blocked, id=11796, stack(0x000000b745900000,0x000000b745a00000) (1024K)]
  0x000002847ea767c0 JavaThread "Worker-JM"                         [_thread_blocked, id=7284, stack(0x000000b746d00000,0x000000b746e00000) (1024K)]
Total: 19

Other Threads:
  0x0000028471f9a560 VMThread "VM Thread"                           [id=17320, stack(0x000000b745d00000,0x000000b745e00000) (1024K)]
  0x0000028471f45720 WatcherThread "VM Periodic Task Thread"        [id=7728, stack(0x000000b745c00000,0x000000b745d00000) (1024K)]
  0x0000028471efa5b0 WorkerThread "GC Thread#0"                     [id=15372, stack(0x000000b745b00000,0x000000b745c00000) (1024K)]
  0x000002847e48e410 WorkerThread "GC Thread#1"                     [id=13116, stack(0x000000b746800000,0x000000b746900000) (1024K)]
Total: 4

Threads with active compile tasks:
C2 CompilerThread0  118305 3681       4       java.util.Properties::loadConvert (540 bytes)
C1 CompilerThread0  118305 3689       3       java.lang.invoke.DelegatingMethodHandle::makeReinvokerForm (326 bytes)
Total: 2

VM state: not at safepoint (normal execution)

VM Mutex/Monitor currently owned by a thread: None

Heap address: 0x0000000080000000, size: 2048 MB, Compressed Oops mode: 32-bit

CDS archive(s) mapped at: [0x000002840f000000-0x000002840fba0000-0x000002840fba0000), size 12189696, SharedBaseAddress: 0x000002840f000000, ArchiveRelocationMode: 1.
Compressed class space mapped at: 0x0000028410000000-0x0000028450000000, reserved size: 1073741824
Narrow klass base: 0x000002840f000000, Narrow klass shift: 0, Narrow klass range: 0x100000000

GC Precious Log:
 CardTable entry size: 512
 CPUs: 2 total, 2 available
 Memory: 7412M
 Large Page Support: Disabled
 NUMA Support: Disabled
 Compressed Oops: Enabled (32-bit)
 Alignments: Space 512K, Generation 512K, Heap 2M
 Heap Min Capacity: 100M
 Heap Initial Capacity: 100M
 Heap Max Capacity: 2G
 Pre-touch: Disabled
 Parallel Workers: 2

Heap:
 PSYoungGen      total 29184K, used 28624K [0x00000000d5580000, 0x00000000d7900000, 0x0000000100000000)
  eden space 25088K, 97% used [0x00000000d5580000,0x00000000d6d76a28,0x00000000d6e00000)
  from space 4096K, 99% used [0x00000000d6e80000,0x00000000d727d880,0x00000000d7280000)
  to   space 5632K, 0% used [0x00000000d7380000,0x00000000d7380000,0x00000000d7900000)
 ParOldGen       total 68608K, used 7424K [0x0000000080000000, 0x0000000084300000, 0x00000000d5580000)
  object space 68608K, 10% used [0x0000000080000000,0x00000000807401d8,0x0000000084300000)
 Metaspace       used 15429K, committed 16000K, reserved 1114112K
  class space    used 1546K, committed 1792K, reserved 1048576K

Card table byte_map: [0x0000028471880000,0x0000028471c90000] _byte_map_base: 0x0000028471480000

Marking Bits: (ParMarkBitMap*) 0x00007ffc4a31a340
 Begin Bits: [0x0000028475380000, 0x0000028477380000)
 End Bits:   [0x0000028477380000, 0x0000028479380000)

Polling page: 0x000002846fda0000

Metaspace:

Usage:
  Non-class:     13.56 MB used.
      Class:      1.51 MB used.
       Both:     15.07 MB used.

Virtual space:
  Non-class space:       64.00 MB reserved,      13.88 MB ( 22%) committed,  1 nodes.
      Class space:        1.00 GB reserved,       1.75 MB ( <1%) committed,  1 nodes.
             Both:        1.06 GB reserved,      15.62 MB (  1%) committed. 

Chunk freelists:
   Non-Class:  1.80 MB
       Class:  14.09 MB
        Both:  15.89 MB

MaxMetaspaceSize: unlimited
CompressedClassSpaceSize: 1.00 GB
Initial GC threshold: 21.00 MB
Current GC threshold: 21.00 MB
CDS: on
 - commit_granule_bytes: 65536.
 - commit_granule_words: 8192.
 - virtual_space_node_default_size: 8388608.
 - enlarge_chunks_in_place: 1.
 - use_allocation_guard: 0.


Internal statistics:

num_allocs_failed_limit: 0.
num_arena_births: 358.
num_arena_deaths: 0.
num_vsnodes_births: 2.
num_vsnodes_deaths: 0.
num_space_committed: 250.
num_space_uncommitted: 0.
num_chunks_returned_to_freelist: 0.
num_chunks_taken_from_freelist: 861.
num_chunk_merges: 0.
num_chunk_splits: 544.
num_chunks_enlarged: 353.
num_inconsistent_stats: 0.

CodeHeap 'non-profiled nmethods': size=120064Kb used=1630Kb max_used=1630Kb free=118433Kb
 bounds [0x0000028407ac0000, 0x0000028407d30000, 0x000002840f000000]
CodeHeap 'profiled nmethods': size=120000Kb used=7829Kb max_used=7829Kb free=112170Kb
 bounds [0x0000028400000000, 0x00000284007b0000, 0x0000028407530000]
CodeHeap 'non-nmethods': size=5696Kb used=1248Kb max_used=1277Kb free=4447Kb
 bounds [0x0000028407530000, 0x00000284077a0000, 0x0000028407ac0000]
CodeCache: size=245760Kb, used=10707Kb, max_used=10736Kb, free=235050Kb
 total_blobs=4191, nmethods=3672, adapters=424, full_count=0
Compilation: enabled, stopped_count=0, restarted_count=0

Compilation events (20 events):
Event: 117.952 Thread 0x00000284798f1ac0 nmethod 3672 0x000002840079eb90 code [0x000002840079ede0, 0x000002840079f8d0]
Event: 117.953 Thread 0x00000284798f1ac0 3673   !   3       org.eclipse.osgi.framework.util.SecureAction::start (61 bytes)
Event: 117.953 Thread 0x00000284798f1ac0 nmethod 3673 0x000002840079fc10 code [0x000002840079fde0, 0x00000284007a00a8]
Event: 118.254 Thread 0x00000284798f1ac0 3674       3       jdk.internal.reflect.ReflectionFactory::copyField (11 bytes)
Event: 118.254 Thread 0x00000284798f1ac0 nmethod 3674 0x00000284007a0210 code [0x00000284007a03c0, 0x00000284007a05b8]
Event: 118.254 Thread 0x00000284798f1ac0 3677       3       java.lang.reflect.Field::<init> (50 bytes)
Event: 118.254 Thread 0x00000284798f1ac0 nmethod 3677 0x00000284007a0710 code [0x00000284007a08c0, 0x00000284007a0b18]
Event: 118.254 Thread 0x00000284798f1ac0 3675       3       java.lang.reflect.ReflectAccess::copyField (5 bytes)
Event: 118.254 Thread 0x00000284798f1ac0 nmethod 3675 0x00000284007a0c10 code [0x00000284007a0dc0, 0x00000284007a0f00]
Event: 118.255 Thread 0x00000284798f1ac0 3676       3       java.lang.reflect.Field::copy (80 bytes)
Event: 118.255 Thread 0x0000028479881380 3678       4       java.util.Optional::orElse (16 bytes)
Event: 118.255 Thread 0x00000284798f1ac0 nmethod 3676 0x00000284007a1010 code [0x00000284007a11e0, 0x00000284007a1520]
Event: 118.255 Thread 0x0000028479881380 nmethod 3678 0x0000028407c57290 code [0x0000028407c57420, 0x0000028407c574b8]
Event: 118.255 Thread 0x00000284798f1ac0 3679   !   3       jdk.internal.loader.BuiltinClassLoader$2::run (114 bytes)
Event: 118.256 Thread 0x00000284798f1ac0 nmethod 3679 0x00000284007a1610 code [0x00000284007a18c0, 0x00000284007a26c0]
Event: 118.256 Thread 0x00000284798f1ac0 3680       3       org.eclipse.osgi.container.Module::getContainer (8 bytes)
Event: 118.256 Thread 0x00000284798f1ac0 nmethod 3680 0x00000284007a2b90 code [0x00000284007a2d20, 0x00000284007a2e50]
Event: 118.257 Thread 0x0000028479881380 3681       4       java.util.Properties::loadConvert (540 bytes)
Event: 118.259 Thread 0x00000284798f1ac0 3682       3       java.lang.invoke.DirectMethodHandle::preparedFieldLambdaForm (180 bytes)
Event: 118.262 Thread 0x00000284798f1ac0 nmethod 3682 0x00000284007a2f10 code [0x00000284007a3160, 0x00000284007a3888]

GC Heap History (10 events):
Event: 3.502 GC heap before
{Heap before GC invocations=1 (full 0):
 PSYoungGen      total 29696K, used 25600K [0x00000000d5580000, 0x00000000d7680000, 0x0000000100000000)
  eden space 25600K, 100% used [0x00000000d5580000,0x00000000d6e80000,0x00000000d6e80000)
  from space 4096K, 0% used [0x00000000d7280000,0x00000000d7280000,0x00000000d7680000)
  to   space 4096K, 0% used [0x00000000d6e80000,0x00000000d6e80000,0x00000000d7280000)
 ParOldGen       total 68608K, used 0K [0x0000000080000000, 0x0000000084300000, 0x00000000d5580000)
  object space 68608K, 0% used [0x0000000080000000,0x0000000080000000,0x0000000084300000)
 Metaspace       used 4492K, committed 4736K, reserved 1114112K
  class space    used 489K, committed 576K, reserved 1048576K
}
Event: 3.652 GC heap after
{Heap after GC invocations=1 (full 0):
 PSYoungGen      total 29696K, used 3335K [0x00000000d5580000, 0x00000000d7680000, 0x0000000100000000)
  eden space 25600K, 0% used [0x00000000d5580000,0x00000000d5580000,0x00000000d6e80000)
  from space 4096K, 81% used [0x00000000d6e80000,0x00000000d71c1e18,0x00000000d7280000)
  to   space 4096K, 0% used [0x00000000d7280000,0x00000000d7280000,0x00000000d7680000)
 ParOldGen       total 68608K, used 0K [0x0000000080000000, 0x0000000084300000, 0x00000000d5580000)
  object space 68608K, 0% used [0x0000000080000000,0x0000000080000000,0x0000000084300000)
 Metaspace       used 4492K, committed 4736K, reserved 1114112K
  class space    used 489K, committed 576K, reserved 1048576K
}
Event: 37.236 GC heap before
{Heap before GC invocations=2 (full 0):
 PSYoungGen      total 29696K, used 28935K [0x00000000d5580000, 0x00000000d7680000, 0x0000000100000000)
  eden space 25600K, 100% used [0x00000000d5580000,0x00000000d6e80000,0x00000000d6e80000)
  from space 4096K, 81% used [0x00000000d6e80000,0x00000000d71c1e18,0x00000000d7280000)
  to   space 4096K, 0% used [0x00000000d7280000,0x00000000d7280000,0x00000000d7680000)
 ParOldGen       total 68608K, used 0K [0x0000000080000000, 0x0000000084300000, 0x00000000d5580000)
  object space 68608K, 0% used [0x0000000080000000,0x0000000080000000,0x0000000084300000)
 Metaspace       used 8453K, committed 8704K, reserved 1114112K
  class space    used 886K, committed 1024K, reserved 1048576K
}
Event: 37.242 GC heap after
{Heap after GC invocations=2 (full 0):
 PSYoungGen      total 29696K, used 4064K [0x00000000d5580000, 0x00000000d7680000, 0x0000000100000000)
  eden space 25600K, 0% used [0x00000000d5580000,0x00000000d5580000,0x00000000d6e80000)
  from space 4096K, 99% used [0x00000000d7280000,0x00000000d76780d8,0x00000000d7680000)
  to   space 4096K, 0% used [0x00000000d6e80000,0x00000000d6e80000,0x00000000d7280000)
 ParOldGen       total 68608K, used 278K [0x0000000080000000, 0x0000000084300000, 0x00000000d5580000)
  object space 68608K, 0% used [0x0000000080000000,0x0000000080045810,0x0000000084300000)
 Metaspace       used 8453K, committed 8704K, reserved 1114112K
  class space    used 886K, committed 1024K, reserved 1048576K
}
Event: 50.950 GC heap before
{Heap before GC invocations=3 (full 0):
 PSYoungGen      total 29696K, used 29664K [0x00000000d5580000, 0x00000000d7680000, 0x0000000100000000)
  eden space 25600K, 100% used [0x00000000d5580000,0x00000000d6e80000,0x00000000d6e80000)
  from space 4096K, 99% used [0x00000000d7280000,0x00000000d76780d8,0x00000000d7680000)
  to   space 4096K, 0% used [0x00000000d6e80000,0x00000000d6e80000,0x00000000d7280000)
 ParOldGen       total 68608K, used 278K [0x0000000080000000, 0x0000000084300000, 0x00000000d5580000)
  object space 68608K, 0% used [0x0000000080000000,0x0000000080045810,0x0000000084300000)
 Metaspace       used 9046K, committed 9408K, reserved 1114112K
  class space    used 933K, committed 1088K, reserved 1048576K
}
Event: 50.960 GC heap after
{Heap after GC invocations=3 (full 0):
 PSYoungGen      total 29696K, used 4076K [0x00000000d5580000, 0x00000000d7680000, 0x0000000100000000)
  eden space 25600K, 0% used [0x00000000d5580000,0x00000000d5580000,0x00000000d6e80000)
  from space 4096K, 99% used [0x00000000d6e80000,0x00000000d727b058,0x00000000d7280000)
  to   space 4096K, 0% used [0x00000000d7280000,0x00000000d7280000,0x00000000d7680000)
 ParOldGen       total 68608K, used 5210K [0x0000000080000000, 0x0000000084300000, 0x00000000d5580000)
  object space 68608K, 7% used [0x0000000080000000,0x0000000080516b40,0x0000000084300000)
 Metaspace       used 9046K, committed 9408K, reserved 1114112K
  class space    used 933K, committed 1088K, reserved 1048576K
}
Event: 53.669 GC heap before
{Heap before GC invocations=4 (full 0):
 PSYoungGen      total 29696K, used 29676K [0x00000000d5580000, 0x00000000d7680000, 0x0000000100000000)
  eden space 25600K, 100% used [0x00000000d5580000,0x00000000d6e80000,0x00000000d6e80000)
  from space 4096K, 99% used [0x00000000d6e80000,0x00000000d727b058,0x00000000d7280000)
  to   space 4096K, 0% used [0x00000000d7280000,0x00000000d7280000,0x00000000d7680000)
 ParOldGen       total 68608K, used 5210K [0x0000000080000000, 0x0000000084300000, 0x00000000d5580000)
  object space 68608K, 7% used [0x0000000080000000,0x0000000080516b40,0x0000000084300000)
 Metaspace       used 10287K, committed 10624K, reserved 1114112K
  class space    used 1056K, committed 1216K, reserved 1048576K
}
Event: 53.675 GC heap after
{Heap after GC invocations=4 (full 0):
 PSYoungGen      total 29696K, used 4066K [0x00000000d5580000, 0x00000000d7680000, 0x0000000100000000)
  eden space 25600K, 0% used [0x00000000d5580000,0x00000000d5580000,0x00000000d6e80000)
  from space 4096K, 99% used [0x00000000d7280000,0x00000000d7678b30,0x00000000d7680000)
  to   space 4096K, 0% used [0x00000000d6e80000,0x00000000d6e80000,0x00000000d7280000)
 ParOldGen       total 68608K, used 6574K [0x0000000080000000, 0x0000000084300000, 0x00000000d5580000)
  object space 68608K, 9% used [0x0000000080000000,0x000000008066bad8,0x0000000084300000)
 Metaspace       used 10287K, committed 10624K, reserved 1114112K
  class space    used 1056K, committed 1216K, reserved 1048576K
}
Event: 113.275 GC heap before
{Heap before GC invocations=5 (full 0):
 PSYoungGen      total 29696K, used 29666K [0x00000000d5580000, 0x00000000d7680000, 0x0000000100000000)
  eden space 25600K, 100% used [0x00000000d5580000,0x00000000d6e80000,0x00000000d6e80000)
  from space 4096K, 99% used [0x00000000d7280000,0x00000000d7678b30,0x00000000d7680000)
  to   space 4096K, 0% used [0x00000000d6e80000,0x00000000d6e80000,0x00000000d7280000)
 ParOldGen       total 68608K, used 6574K [0x0000000080000000, 0x0000000084300000, 0x00000000d5580000)
  object space 68608K, 9% used [0x0000000080000000,0x000000008066bad8,0x0000000084300000)
 Metaspace       used 12227K, committed 12608K, reserved 1114112K
  class space    used 1243K, committed 1408K, reserved 1048576K
}
Event: 113.285 GC heap after
{Heap after GC invocations=5 (full 0):
 PSYoungGen      total 29184K, used 4086K [0x00000000d5580000, 0x00000000d7900000, 0x0000000100000000)
  eden space 25088K, 0% used [0x00000000d5580000,0x00000000d5580000,0x00000000d6e00000)
  from space 4096K, 99% used [0x00000000d6e80000,0x00000000d727d880,0x00000000d7280000)
  to   space 5632K, 0% used [0x00000000d7380000,0x00000000d7380000,0x00000000d7900000)
 ParOldGen       total 68608K, used 7424K [0x0000000080000000, 0x0000000084300000, 0x00000000d5580000)
  object space 68608K, 10% used [0x0000000080000000,0x00000000807401d8,0x0000000084300000)
 Metaspace       used 12227K, committed 12608K, reserved 1114112K
  class space    used 1243K, committed 1408K, reserved 1048576K
}

Dll operation events (9 events):
Event: 0.074 Loaded shared library c:\Users\HP\.vscode\extensions\redhat.java-1.45.0-win32-x64\jre\21.0.8-win32-x86_64\bin\java.dll
Event: 0.360 Loaded shared library c:\Users\HP\.vscode\extensions\redhat.java-1.45.0-win32-x64\jre\21.0.8-win32-x86_64\bin\zip.dll
Event: 0.404 Loaded shared library C:\Users\HP\.vscode\extensions\redhat.java-1.45.0-win32-x64\jre\21.0.8-win32-x86_64\bin\instrument.dll
Event: 0.434 Loaded shared library C:\Users\HP\.vscode\extensions\redhat.java-1.45.0-win32-x64\jre\21.0.8-win32-x86_64\bin\net.dll
Event: 0.438 Loaded shared library C:\Users\HP\.vscode\extensions\redhat.java-1.45.0-win32-x64\jre\21.0.8-win32-x86_64\bin\nio.dll
Event: 0.442 Loaded shared library C:\Users\HP\.vscode\extensions\redhat.java-1.45.0-win32-x64\jre\21.0.8-win32-x86_64\bin\zip.dll
Event: 0.568 Loaded shared library C:\Users\HP\.vscode\extensions\redhat.java-1.45.0-win32-x64\jre\21.0.8-win32-x86_64\bin\jimage.dll
Event: 1.058 Loaded shared library c:\Users\HP\.vscode\extensions\redhat.java-1.45.0-win32-x64\jre\21.0.8-win32-x86_64\bin\verify.dll
Event: 50.908 Loaded shared library C:\Users\HP\AppData\Roaming\Code\User\globalStorage\redhat.java\1.45.0\config_win\org.eclipse.equinox.launcher\org.eclipse.equinox.launcher.win32.win32.x86_64_1.2.1400.v20250801-0854\eclipse_11916.dll

Deoptimization events (20 events):
Event: 114.629 Thread 0x000002847e4f5870 DEOPT PACKING pc=0x0000028407c08518 sp=0x000000b746af7050
Event: 114.629 Thread 0x000002847e4f5870 DEOPT UNPACKING pc=0x0000028407583aa2 sp=0x000000b746af7030 mode 2
Event: 114.790 Thread 0x000002847e4f5870 DEOPT PACKING pc=0x000002840050117a sp=0x000000b746af7fa0
Event: 114.790 Thread 0x000002847e4f5870 DEOPT UNPACKING pc=0x0000028407584242 sp=0x000000b746af7428 mode 0
Event: 115.241 Thread 0x000002847e4f5870 DEOPT PACKING pc=0x00000284006afaa8 sp=0x000000b746af8030
Event: 115.241 Thread 0x000002847e4f5870 DEOPT UNPACKING pc=0x0000028407584242 sp=0x000000b746af74f0 mode 0
Event: 115.513 Thread 0x000002847e4f5870 Uncommon trap: trap_request=0xffffff45 fr.pc=0x0000028407c3175c relative=0x000000000000035c
Event: 115.513 Thread 0x000002847e4f5870 Uncommon trap: reason=unstable_if action=reinterpret pc=0x0000028407c3175c method=com.sun.org.apache.xerces.internal.impl.XMLEntityScanner.scanLiteral(ILcom/sun/org/apache/xerces/internal/xni/XMLString;Z)I @ 189 c2
Event: 115.513 Thread 0x000002847e4f5870 DEOPT PACKING pc=0x0000028407c3175c sp=0x000000b746af7fd0
Event: 115.513 Thread 0x000002847e4f5870 DEOPT UNPACKING pc=0x0000028407583aa2 sp=0x000000b746af7f60 mode 2
Event: 115.547 Thread 0x000002847e4f5870 Uncommon trap: trap_request=0xffffff45 fr.pc=0x0000028407c30728 relative=0x0000000000000088
Event: 115.547 Thread 0x000002847e4f5870 Uncommon trap: reason=unstable_if action=reinterpret pc=0x0000028407c30728 method=com.sun.org.apache.xerces.internal.impl.XMLEntityScanner.checkBeforeLoad(Lcom/sun/xml/internal/stream/Entity$ScannedEntity;II)I @ 18 c2
Event: 115.547 Thread 0x000002847e4f5870 DEOPT PACKING pc=0x0000028407c30728 sp=0x000000b746af8160
Event: 115.547 Thread 0x000002847e4f5870 DEOPT UNPACKING pc=0x0000028407583aa2 sp=0x000000b746af80d0 mode 2
Event: 116.323 Thread 0x000002847e4f5870 Uncommon trap: trap_request=0xffffff45 fr.pc=0x0000028407c43828 relative=0x0000000000000428
Event: 116.323 Thread 0x000002847e4f5870 Uncommon trap: reason=unstable_if action=reinterpret pc=0x0000028407c43828 method=com.sun.org.apache.xerces.internal.impl.XMLEntityScanner.scanLiteral(ILcom/sun/org/apache/xerces/internal/xni/XMLString;Z)I @ 299 c2
Event: 116.323 Thread 0x000002847e4f5870 DEOPT PACKING pc=0x0000028407c43828 sp=0x000000b746afd3f0
Event: 116.323 Thread 0x000002847e4f5870 DEOPT UNPACKING pc=0x0000028407583aa2 sp=0x000000b746afd380 mode 2
Event: 117.717 Thread 0x000002847e4f5870 DEOPT PACKING pc=0x00000284001c4357 sp=0x000000b746af7a70
Event: 117.717 Thread 0x000002847e4f5870 DEOPT UNPACKING pc=0x0000028407584242 sp=0x000000b746af6e90 mode 0

Classes loaded (20 events):
Event: 113.289 Loading class java/util/TimerThread
Event: 113.289 Loading class java/util/TimerThread done
Event: 113.289 Loading class java/util/Timer$ThreadReaper
Event: 113.289 Loading class java/util/Timer$ThreadReaper done
Event: 113.306 Loading class java/util/concurrent/locks/ReentrantLock$FairSync
Event: 113.306 Loading class java/util/concurrent/locks/ReentrantLock$FairSync done
Event: 114.608 Loading class java/lang/invoke/DirectMethodHandle$StaticAccessor
Event: 114.608 Loading class java/lang/invoke/DirectMethodHandle$StaticAccessor done
Event: 114.619 Loading class java/lang/IllegalCallerException
Event: 114.619 Loading class java/lang/IllegalCallerException done
Event: 114.635 Loading class java/lang/invoke/DirectMethodHandle$1
Event: 114.636 Loading class java/lang/invoke/DirectMethodHandle$1 done
Event: 114.638 Loading class org/xml/sax/SAXParseException
Event: 114.638 Loading class org/xml/sax/SAXParseException done
Event: 116.355 Loading class java/lang/Process
Event: 116.488 Loading class java/lang/Process done
Event: 117.866 Loading class java/util/concurrent/TimeoutException
Event: 117.866 Loading class java/util/concurrent/TimeoutException done
Event: 118.248 Loading class java/lang/AbstractMethodError
Event: 118.248 Loading class java/lang/AbstractMethodError done

Classes unloaded (0 events):
No events

Classes redefined (0 events):
No events

Internal exceptions (20 events):
Event: 4.303 Thread 0x0000028471edb280 Exception <a 'java/lang/NoSuchMethodError'{0x00000000d5bb6af0}: 'int java.lang.invoke.DirectMethodHandle$Holder.invokeVirtual(java.lang.Object, java.lang.Object)'> (0x00000000d5bb6af0) 
thrown [s\src\hotspot\share\interpreter\linkResolver.cpp, line 773]
Event: 4.974 Thread 0x0000028471edb280 Exception <a 'java/lang/IncompatibleClassChangeError'{0x00000000d65c5730}: Found class java.lang.Object, but interface was expected> (0x00000000d65c5730) 
thrown [s\src\hotspot\share\interpreter\linkResolver.cpp, line 840]
Event: 4.976 Thread 0x0000028471edb280 Exception <a 'java/lang/NoSuchMethodError'{0x00000000d65d4bb8}: 'void java.lang.invoke.DirectMethodHandle$Holder.invokeInterface(java.lang.Object, java.lang.Object, java.lang.Object)'> (0x00000000d65d4bb8) 
thrown [s\src\hotspot\share\interpreter\linkResolver.cpp, line 773]
Event: 5.074 Thread 0x0000028471edb280 Exception <a 'java/lang/NoSuchMethodError'{0x00000000d6773c10}: 'int java.lang.invoke.DirectMethodHandle$Holder.invokeStaticInit(java.lang.Object, java.lang.Object, java.lang.Object, java.lang.Object)'> (0x00000000d6773c10) 
thrown [s\src\hotspot\share\interpreter\linkResolver.cpp, line 773]
Event: 5.091 Thread 0x0000028471edb280 Exception <a 'java/lang/NoSuchMethodError'{0x00000000d677e2a0}: 'void java.lang.invoke.DirectMethodHandle$Holder.invokeStaticInit(java.lang.Object, java.lang.Object)'> (0x00000000d677e2a0) 
thrown [s\src\hotspot\share\interpreter\linkResolver.cpp, line 773]
Event: 5.102 Thread 0x0000028471edb280 Exception <a 'java/lang/NoSuchMethodError'{0x00000000d6783800}: 'int java.lang.invoke.DirectMethodHandle$Holder.invokeStaticInit(java.lang.Object, java.lang.Object)'> (0x00000000d6783800) 
thrown [s\src\hotspot\share\interpreter\linkResolver.cpp, line 773]
Event: 5.266 Thread 0x0000028471edb280 Exception <a 'java/lang/NoSuchMethodError'{0x00000000d696e450}: 'java.lang.Object java.lang.invoke.DirectMethodHandle$Holder.newInvokeSpecial(java.lang.Object, int, java.lang.Object)'> (0x00000000d696e450) 
thrown [s\src\hotspot\share\interpreter\linkResolver.cpp, line 773]
Event: 5.573 Thread 0x0000028471edb280 Exception <a 'java/lang/ClassNotFoundException'{0x00000000d6aeb610}: sun/net/www/protocol/plurl/Handler> (0x00000000d6aeb610) 
thrown [s\src\hotspot\share\classfile\systemDictionary.cpp, line 312]
Event: 5.573 Thread 0x0000028471edb280 Exception <a 'java/lang/ClassNotFoundException'{0x00000000d6aec490}: sun/net/www/protocol/plurl/Handler> (0x00000000d6aec490) 
thrown [s\src\hotspot\share\classfile\systemDictionary.cpp, line 312]
Event: 5.582 Thread 0x0000028471edb280 Exception <a 'java/lang/NoSuchMethodError'{0x00000000d6b2c1a8}: 'void java.lang.invoke.DirectMethodHandle$Holder.invokeSpecial(java.lang.Object, java.lang.Object, java.lang.Object)'> (0x00000000d6b2c1a8) 
thrown [s\src\hotspot\share\interpreter\linkResolver.cpp, line 773]
Event: 49.017 Thread 0x0000028471edb280 Exception <a 'java/lang/UnsatisfiedLinkError'{0x00000000d6d74070}: 'void org.eclipse.equinox.launcher.JNIBridge._update_splash()'> (0x00000000d6d74070) 
thrown [s\src\hotspot\share\prims\nativeLookup.cpp, line 415]
Event: 53.058 Thread 0x000002847e4f5870 Exception <a 'java/lang/NoSuchMethodError'{0x00000000d6691110}: 'java.lang.Object java.lang.invoke.DirectMethodHandle$Holder.newInvokeSpecial(java.lang.Object, java.lang.Object, int, java.lang.Object)'> (0x00000000d6691110) 
thrown [s\src\hotspot\share\interpreter\linkResolver.cpp, line 773]
Event: 53.075 Thread 0x000002847e4f5870 Exception <a 'java/lang/NoSuchMethodError'{0x00000000d6697f70}: 'java.lang.Object java.lang.invoke.DirectMethodHandle$Holder.invokeSpecial(java.lang.Object, java.lang.Object, java.lang.Object, int, java.lang.Object)'> (0x00000000d6697f70) 
thrown [s\src\hotspot\share\interpreter\linkResolver.cpp, line 773]
Event: 53.339 Thread 0x000002847e4f5870 Exception <a 'java/lang/NoClassDefFoundError'{0x00000000d6738978}: jakarta/servlet/ServletContainerInitializer> (0x00000000d6738978) 
thrown [s\src\hotspot\share\classfile\systemDictionary.cpp, line 301]
Event: 53.419 Thread 0x000002847e4f5870 Exception <a 'java/lang/ClassNotFoundException'{0x00000000d67e5e20}: sun/util/logging/resources/spi/loggingProvider> (0x00000000d67e5e20) 
thrown [s\src\hotspot\share\classfile\systemDictionary.cpp, line 312]
Event: 112.906 Thread 0x000002847e4f5870 Exception <a 'java/lang/NullPointerException'{0x00000000d698ba28}> (0x00000000d698ba28) 
thrown [s\src\hotspot\share\interpreter\linkResolver.cpp, line 1372]
Event: 112.906 Thread 0x000002847e4f5870 Exception <a 'java/lang/NullPointerException'{0x00000000d698bd08}> (0x00000000d698bd08) 
thrown [s\src\hotspot\share\interpreter\linkResolver.cpp, line 1372]
Event: 114.612 Thread 0x000002847e4f5870 Exception <a 'java/lang/NoSuchMethodError'{0x00000000d5aade30}: 'void java.lang.invoke.Invokers$Holder.invokeExact_MT(java.lang.Object, java.lang.Object, java.lang.Object)'> (0x00000000d5aade30) 
thrown [s\src\hotspot\share\interpreter\linkResolver.cpp, line 773]
Event: 115.838 Thread 0x000002847e4f5870 Exception <a 'java/io/FileNotFoundException'{0x00000000d61a8ec0}> (0x00000000d61a8ec0) 
thrown [s\src\hotspot\share\prims\jni.cpp, line 520]
Event: 117.556 Thread 0x000002847e4f5870 Exception <a 'java/lang/NoSuchMethodError'{0x00000000d6684668}: 'java.lang.Object java.lang.invoke.Invokers$Holder.linkToTargetMethod(java.lang.Object, long, java.lang.Object)'> (0x00000000d6684668) 
thrown [s\src\hotspot\share\interpreter\linkResolver.cpp, line 773]

ZGC Phase Switch (0 events):
No events

VM Operations (20 events):
Event: 70.214 Executing VM operation: Cleanup
Event: 70.214 Executing VM operation: Cleanup done
Event: 92.428 Executing VM operation: Cleanup
Event: 92.428 Executing VM operation: Cleanup done
Event: 97.500 Executing VM operation: Cleanup
Event: 97.500 Executing VM operation: Cleanup done
Event: 112.566 Executing VM operation: HandshakeAllThreads (Deoptimize)
Event: 112.566 Executing VM operation: HandshakeAllThreads (Deoptimize) done
Event: 112.566 Executing VM operation: Cleanup
Event: 112.566 Executing VM operation: Cleanup done
Event: 113.275 Executing VM operation: ParallelGCFailedAllocation (Allocation Failure)
Event: 113.285 Executing VM operation: ParallelGCFailedAllocation (Allocation Failure) done
Event: 113.306 Executing VM operation: HandshakeAllThreads (Deoptimize)
Event: 113.361 Executing VM operation: HandshakeAllThreads (Deoptimize) done
Event: 114.363 Executing VM operation: Cleanup
Event: 114.363 Executing VM operation: Cleanup done
Event: 116.363 Executing VM operation: Cleanup
Event: 116.488 Executing VM operation: Cleanup done
Event: 117.490 Executing VM operation: Cleanup
Event: 117.490 Executing VM operation: Cleanup done

Memory protections (0 events):
No events

Nmethod flushes (0 events):
No events

Events (20 events):
Event: 0.151 Thread 0x0000028471edb280 Thread added: 0x0000028479881380
Event: 0.169 Thread 0x0000028471edb280 Thread added: 0x00000284798f1ac0
Event: 0.285 Thread 0x0000028471edb280 Thread added: 0x000002847996ed20
Event: 1.402 Thread 0x0000028471edb280 Thread added: 0x000002847e227950
Event: 4.919 Thread 0x0000028471edb280 Thread added: 0x000002847e92fad0
Event: 4.938 Thread 0x000002847e92fad0 Thread added: 0x000002847e930130
Event: 5.137 Thread 0x0000028471edb280 Thread added: 0x000002847e96c540
Event: 15.116 Thread 0x000002847e92fad0 Thread exited: 0x000002847e92fad0
Event: 15.138 Thread 0x000002847e930130 Thread exited: 0x000002847e930130
Event: 44.804 Thread 0x0000028471edb280 Thread added: 0x000002847e4f5210
Event: 44.815 Thread 0x0000028471edb280 Thread added: 0x000002847e4f5870
Event: 49.015 Thread 0x0000028471edb280 Thread added: 0x000002847e47bc70
Event: 52.025 Thread 0x000002847e47bc70 Thread added: 0x000002847ed72240
Event: 52.025 Thread 0x000002847e47bc70 Thread added: 0x000002847ed728a0
Event: 55.701 Thread 0x000002847e4f5870 Thread added: 0x000002847e9b1de0
Event: 62.292 Thread 0x000002847ed728a0 Thread exited: 0x000002847ed728a0
Event: 62.324 Thread 0x000002847ed72240 Thread exited: 0x000002847ed72240
Event: 112.584 Thread 0x000002847e4f5870 Thread added: 0x000002847e073350
Event: 113.289 Thread 0x000002847e4f5870 Thread added: 0x000002847e9abf70
Event: 117.906 Thread 0x000002847e4f5870 Thread added: 0x000002847ea767c0


Dynamic libraries:
0x00007ff68c630000 - 0x00007ff68c63e000 	c:\Users\HP\.vscode\extensions\redhat.java-1.45.0-win32-x64\jre\21.0.8-win32-x86_64\bin\java.exe
0x00007ffce59d0000 - 0x00007ffce5be7000 	C:\WINDOWS\SYSTEM32\ntdll.dll
0x00007ffce3db0000 - 0x00007ffce3e74000 	C:\WINDOWS\System32\KERNEL32.DLL
0x00007ffce2fe0000 - 0x00007ffce33b2000 	C:\WINDOWS\System32\KERNELBASE.dll
0x00007ffce2b40000 - 0x00007ffce2c51000 	C:\WINDOWS\System32\ucrtbase.dll
0x00007ffcdedd0000 - 0x00007ffcdede8000 	c:\Users\HP\.vscode\extensions\redhat.java-1.45.0-win32-x64\jre\21.0.8-win32-x86_64\bin\jli.dll
0x00007ffce4aa0000 - 0x00007ffce4c51000 	C:\WINDOWS\System32\USER32.dll
0x00007ffce2fb0000 - 0x00007ffce2fd6000 	C:\WINDOWS\System32\win32u.dll
0x00007ffce3ac0000 - 0x00007ffce3ae9000 	C:\WINDOWS\System32\GDI32.dll
0x00007ffce3530000 - 0x00007ffce3653000 	C:\WINDOWS\System32\gdi32full.dll
0x00007ffce2d20000 - 0x00007ffce2dba000 	C:\WINDOWS\System32\msvcp_win.dll
0x00007ffcd5ca0000 - 0x00007ffcd5cbe000 	c:\Users\HP\.vscode\extensions\redhat.java-1.45.0-win32-x64\jre\21.0.8-win32-x86_64\bin\VCRUNTIME140.dll
0x00007ffcc49b0000 - 0x00007ffcc4c4b000 	C:\WINDOWS\WinSxS\amd64_microsoft.windows.common-controls_6595b64144ccf1df_6.0.22621.5547_none_27104afb73855772\COMCTL32.dll
0x00007ffce4290000 - 0x00007ffce4337000 	C:\WINDOWS\System32\msvcrt.dll
0x00007ffce4340000 - 0x00007ffce4371000 	C:\WINDOWS\System32\IMM32.DLL
0x00007ffcdfb30000 - 0x00007ffcdfb3c000 	c:\Users\HP\.vscode\extensions\redhat.java-1.45.0-win32-x64\jre\21.0.8-win32-x86_64\bin\vcruntime140_1.dll
0x00007ffcbe2a0000 - 0x00007ffcbe32d000 	c:\Users\HP\.vscode\extensions\redhat.java-1.45.0-win32-x64\jre\21.0.8-win32-x86_64\bin\msvcp140.dll
0x00007ffc49660000 - 0x00007ffc4a3f7000 	c:\Users\HP\.vscode\extensions\redhat.java-1.45.0-win32-x64\jre\21.0.8-win32-x86_64\bin\server\jvm.dll
0x00007ffce3bd0000 - 0x00007ffce3c81000 	C:\WINDOWS\System32\ADVAPI32.dll
0x00007ffce37c0000 - 0x00007ffce3868000 	C:\WINDOWS\System32\sechost.dll
0x00007ffce3500000 - 0x00007ffce3528000 	C:\WINDOWS\System32\bcrypt.dll
0x00007ffce3c90000 - 0x00007ffce3da4000 	C:\WINDOWS\System32\RPCRT4.dll
0x00007ffce3a10000 - 0x00007ffce3a81000 	C:\WINDOWS\System32\WS2_32.dll
0x00007ffce27e0000 - 0x00007ffce282d000 	C:\WINDOWS\SYSTEM32\POWRPROF.dll
0x00007ffcda180000 - 0x00007ffcda1b4000 	C:\WINDOWS\SYSTEM32\WINMM.dll
0x00007ffcdfe70000 - 0x00007ffcdfe7a000 	C:\WINDOWS\SYSTEM32\VERSION.dll
0x00007ffce27c0000 - 0x00007ffce27d3000 	C:\WINDOWS\SYSTEM32\UMPDC.dll
0x00007ffce1af0000 - 0x00007ffce1b08000 	C:\WINDOWS\SYSTEM32\kernel.appcore.dll
0x00007ffcdedc0000 - 0x00007ffcdedca000 	c:\Users\HP\.vscode\extensions\redhat.java-1.45.0-win32-x64\jre\21.0.8-win32-x86_64\bin\jimage.dll
0x00007ffce05c0000 - 0x00007ffce07f3000 	C:\WINDOWS\SYSTEM32\DBGHELP.DLL
0x00007ffce3e80000 - 0x00007ffce4213000 	C:\WINDOWS\System32\combase.dll
0x00007ffce3af0000 - 0x00007ffce3bc7000 	C:\WINDOWS\System32\OLEAUT32.dll
0x00007ffcbddb0000 - 0x00007ffcbdde2000 	C:\WINDOWS\SYSTEM32\dbgcore.DLL
0x00007ffce2f30000 - 0x00007ffce2fab000 	C:\WINDOWS\System32\bcryptPrimitives.dll
0x00007ffcded50000 - 0x00007ffcded5f000 	c:\Users\HP\.vscode\extensions\redhat.java-1.45.0-win32-x64\jre\21.0.8-win32-x86_64\bin\instrument.dll
0x00007ffcc9e30000 - 0x00007ffcc9e4f000 	c:\Users\HP\.vscode\extensions\redhat.java-1.45.0-win32-x64\jre\21.0.8-win32-x86_64\bin\java.dll
0x00007ffce50e0000 - 0x00007ffce5982000 	C:\WINDOWS\System32\SHELL32.dll
0x00007ffce33c0000 - 0x00007ffce34ff000 	C:\WINDOWS\System32\wintypes.dll
0x00007ffce0800000 - 0x00007ffce111d000 	C:\WINDOWS\SYSTEM32\windows.storage.dll
0x00007ffce4380000 - 0x00007ffce448c000 	C:\WINDOWS\System32\SHCORE.dll
0x00007ffce4a30000 - 0x00007ffce4a99000 	C:\WINDOWS\System32\shlwapi.dll
0x00007ffce29f0000 - 0x00007ffce2a1b000 	C:\WINDOWS\SYSTEM32\profapi.dll
0x00007ffcc9e10000 - 0x00007ffcc9e28000 	c:\Users\HP\.vscode\extensions\redhat.java-1.45.0-win32-x64\jre\21.0.8-win32-x86_64\bin\zip.dll
0x00007ffcd5c90000 - 0x00007ffcd5ca0000 	C:\Users\HP\.vscode\extensions\redhat.java-1.45.0-win32-x64\jre\21.0.8-win32-x86_64\bin\net.dll
0x00007ffcdd090000 - 0x00007ffcdd1bc000 	C:\WINDOWS\SYSTEM32\WINHTTP.dll
0x00007ffce1f70000 - 0x00007ffce1fd9000 	C:\WINDOWS\system32\mswsock.dll
0x00007ffcc9df0000 - 0x00007ffcc9e06000 	C:\Users\HP\.vscode\extensions\redhat.java-1.45.0-win32-x64\jre\21.0.8-win32-x86_64\bin\nio.dll
0x00007ffccc600000 - 0x00007ffccc610000 	c:\Users\HP\.vscode\extensions\redhat.java-1.45.0-win32-x64\jre\21.0.8-win32-x86_64\bin\verify.dll
0x00007ffcc67b0000 - 0x00007ffcc67f4000 	C:\Users\HP\AppData\Roaming\Code\User\globalStorage\redhat.java\1.45.0\config_win\org.eclipse.equinox.launcher\org.eclipse.equinox.launcher.win32.win32.x86_64_1.2.1400.v20250801-0854\eclipse_11916.dll
0x00007ffce4630000 - 0x00007ffce47d0000 	C:\WINDOWS\System32\ole32.dll

JVMTI agents:
c:\Users\HP\.vscode\extensions\redhat.java-1.45.0-win32-x64\lombok\lombok-1.18.39-4050.jar path:c:\Users\HP\.vscode\extensions\redhat.java-1.45.0-win32-x64\jre\21.0.8-win32-x86_64\bin\instrument.dll, loaded, initialized, instrumentlib options:none

dbghelp: loaded successfully - version: 4.0.5 - missing functions: none
symbol engine: initialized successfully - sym options: 0x614 - pdb path: .;c:\Users\HP\.vscode\extensions\redhat.java-1.45.0-win32-x64\jre\21.0.8-win32-x86_64\bin;C:\WINDOWS\SYSTEM32;C:\WINDOWS\WinSxS\amd64_microsoft.windows.common-controls_6595b64144ccf1df_6.0.22621.5547_none_27104afb73855772;c:\Users\HP\.vscode\extensions\redhat.java-1.45.0-win32-x64\jre\21.0.8-win32-x86_64\bin\server;C:\Users\HP\AppData\Roaming\Code\User\globalStorage\redhat.java\1.45.0\config_win\org.eclipse.equinox.launcher\org.eclipse.equinox.launcher.win32.win32.x86_64_1.2.1400.v20250801-0854

VM Arguments:
jvm_args: --add-modules=ALL-SYSTEM --add-opens=java.base/java.util=ALL-UNNAMED --add-opens=java.base/java.lang=ALL-UNNAMED --add-opens=java.base/sun.nio.fs=ALL-UNNAMED -Declipse.application=org.eclipse.jdt.ls.core.id1 -Dosgi.bundles.defaultStartLevel=4 -Declipse.product=org.eclipse.jdt.ls.core.product -Djava.import.generatesMetadataFilesAtProjectRoot=false -DDetectVMInstallationsJob.disabled=true -Dfile.encoding=utf8 -XX:+UseParallelGC -XX:GCTimeRatio=4 -XX:AdaptiveSizePolicyWeight=90 -Dsun.zip.disableMemoryMapping=true -Xmx2G -Xms100m -Xlog:disable -javaagent:c:\Users\HP\.vscode\extensions\redhat.java-1.45.0-win32-x64\lombok\lombok-1.18.39-4050.jar -XX:+HeapDumpOnOutOfMemoryError -XX:HeapDumpPath=c:\Users\HP\AppData\Roaming\Code\User\workspaceStorage\d1a1df9d19ba30f8d153c1ad269f8aa0\redhat.java -Daether.dependencyCollector.impl=bf 
java_command: c:\Users\HP\.vscode\extensions\redhat.java-1.45.0-win32-x64\server\plugins\org.eclipse.equinox.launcher_1.7.0.v20250519-0528.jar -configuration c:\Users\HP\AppData\Roaming\Code\User\globalStorage\redhat.java\1.45.0\config_win -data c:\Users\HP\AppData\Roaming\Code\User\workspaceStorage\d1a1df9d19ba30f8d153c1ad269f8aa0\redhat.java\jdt_ws --pipe=\\.\pipe\lsp-bbdf5f50d91478f1b3521c08947640b0-sock
java_class_path (initial): c:\Users\HP\.vscode\extensions\redhat.java-1.45.0-win32-x64\server\plugins\org.eclipse.equinox.launcher_1.7.0.v20250519-0528.jar
Launcher Type: SUN_STANDARD

[Global flags]
    uintx AdaptiveSizePolicyWeight                 = 90                                        {product} {command line}
     intx CICompilerCount                          = 2                                         {product} {ergonomic}
    uintx GCTimeRatio                              = 4                                         {product} {command line}
     bool HeapDumpOnOutOfMemoryError               = true                                   {manageable} {command line}
    ccstr HeapDumpPath                             = c:\Users\HP\AppData\Roaming\Code\User\workspaceStorage\d1a1df9d19ba30f8d153c1ad269f8aa0\redhat.java         {manageable} {command line}
   size_t InitialHeapSize                          = 104857600                                 {product} {command line}
   size_t MaxHeapSize                              = 2147483648                                {product} {command line}
   size_t MaxNewSize                               = 715653120                                 {product} {ergonomic}
   size_t MinHeapDeltaBytes                        = 524288                                    {product} {ergonomic}
   size_t MinHeapSize                              = 104857600                                 {product} {command line}
   size_t NewSize                                  = 34603008                                  {product} {ergonomic}
    uintx NonNMethodCodeHeapSize                   = 5826188                                {pd product} {ergonomic}
    uintx NonProfiledCodeHeapSize                  = 122916026                              {pd product} {ergonomic}
   size_t OldSize                                  = 70254592                                  {product} {ergonomic}
    uintx ProfiledCodeHeapSize                     = 122916026                              {pd product} {ergonomic}
    uintx ReservedCodeCacheSize                    = 251658240                              {pd product} {ergonomic}
     bool SegmentedCodeCache                       = true                                      {product} {ergonomic}
   size_t SoftMaxHeapSize                          = 2147483648                             {manageable} {ergonomic}
     bool UseCompressedOops                        = true                           {product lp64_product} {ergonomic}
     bool UseLargePagesIndividualAllocation        = false                                  {pd product} {ergonomic}
     bool UseParallelGC                            = true                                      {product} {command line}

Logging:
Log output configuration:
 #0: stdout all=off uptime,level,tags foldmultilines=false
 #1: stderr all=off uptime,level,tags foldmultilines=false

Environment Variables:
PATH=C:\Program Files\Common Files\Oracle\Java\javapath;C:\WINDOWS\system32;C:\WINDOWS;C:\WINDOWS\System32\Wbem;C:\WINDOWS\System32\WindowsPowerShell\v1.0\;C:\WINDOWS\System32\OpenSSH\;C:\Program Files\Git\cmd;C:\Program Files\nodejs\;C:\Users\HP\AppData\Local\Programs\Python\Python313\Scripts\;C:\Users\HP\AppData\Local\Programs\Python\Python313\;C:\Users\HP\AppData\Local\Programs\Python\Launcher\;C:\Users\HP\AppData\Local\Microsoft\WindowsApps;C:\Users\HP\AppData\Roaming\npm;C:\Users\HP\AppData\Local\Programs\Microsoft VS Code\bin
USERNAME=HP
OS=Windows_NT
PROCESSOR_IDENTIFIER=AMD64 Family 23 Model 160 Stepping 0, AuthenticAMD
TMP=C:\Users\HP\AppData\Local\Temp
TEMP=C:\Users\HP\AppData\Local\Temp




Periodic native trim disabled

---------------  S Y S T E M  ---------------

OS:
 Windows 11 , 64 bit Build 22621 (10.0.22621.5415)
OS uptime: 0 days 2:51 hours

CPU: total 2 (initial active 2) (2 cores per cpu, 1 threads per core) family 23 model 160 stepping 0 microcode 0x0, cx8, cmov, fxsr, mmx, 3dnowpref, sse, sse2, sse3, ssse3, sse4a, sse4.1, sse4.2, popcnt, lzcnt, tsc, tscinvbit, avx, avx2, aes, clmul, bmi1, bmi2, adx, sha, fma, vzeroupper, clflush, clflushopt, rdtscp, rdpid, f16c
Processor Information for the first 2 processors :
  Max Mhz: 2401, Current Mhz: 2401, Mhz Limit: 2401

Memory: 4k page, system-wide physical 7412M (290M free)
TotalPageFile size 21729M (AvailPageFile size 1M)
current process WorkingSet (physical memory assigned to process): 109M, peak: 117M
current process commit charge ("private bytes"): 238M, peak: 247M

vm_info: OpenJDK 64-Bit Server VM (21.0.8+9-LTS) for windows-amd64 JRE (21.0.8+9-LTS), built on 2025-07-15T00:00:00Z by "admin" with MS VC++ 17.7 (VS2022)

END.
